<?xml version="1.0" encoding="UTF-8"?>
<!-- Generated by org.testng.reporters.JUnitReportReporter -->
<testsuite hostname="DESKTOP-EPMI7CB" failures="0" tests="9" name="com.employeeapi.testCases.TC001_Get_All_Employees" time="0.054" errors="0" timestamp="01 Jun 2020 23:56:55 GMT" skipped="0">
  <testcase classname="com.employeeapi.testCases.TC001_Get_All_Employees" name="checkContentLength" time="0.004"/>
  <testcase classname="com.employeeapi.testCases.TC001_Get_All_Employees" name="checkStatusLine" time="0.001"/>
  <testcase classname="com.employeeapi.testCases.TC001_Get_All_Employees" name="checkResponseTime" time="0.002"/>
  <testcase classname="com.employeeapi.testCases.TC001_Get_All_Employees" name="checkResponseBody" time="0.019"/>
  <testcase classname="com.employeeapi.testCases.TC001_Get_All_Employees" name="checkContentType" time="0.003"/>
  <testcase classname="com.employeeapi.testCases.TC001_Get_All_Employees" name="checkCookies" time="0.002"/>
  <testcase classname="com.employeeapi.testCases.TC001_Get_All_Employees" name="CheckServerType" time="0.011"/>
  <testcase classname="com.employeeapi.testCases.TC001_Get_All_Employees" name="checkContentEncoding" time="0.009"/>
  <testcase classname="com.employeeapi.testCases.TC001_Get_All_Employees" name="checkStatusCode" time="0.003"/>
</testsuite> <!-- com.employeeapi.testCases.TC001_Get_All_Employees -->
